<?xml version="1.0" encoding="UTF-8"?>
<!-- Generated by org.testng.reporters.JUnitReportReporter -->
<testsuite hostname="vivek" failures="0" tests="1" name="workingwithdatabases.workingwithmysqldatabases.ExecuteNonSelectQueryExample2" time="0.964" errors="0" timestamp="2026-02-12T11:33:31 IST" skipped="0">
  <testcase classname="workingwithdatabases.workingwithmysqldatabases.ExecuteNonSelectQueryExample2" name="sample2" time="0.964"/>
</testsuite> <!-- workingwithdatabases.workingwithmysqldatabases.ExecuteNonSelectQueryExample2 -->
