<?xml version="1.0" encoding="UTF-8"?>
<!-- Generated by org.testng.reporters.JUnitReportReporter -->
<testsuite hostname="vivek" failures="0" tests="1" name="workingwithdatabases.workingwithmysqldatabases.GenerateAlphaNumericCharacters" time="0.013" errors="0" timestamp="2026-02-13T10:26:19 IST" skipped="0">
  <testcase classname="workingwithdatabases.workingwithmysqldatabases.GenerateAlphaNumericCharacters" name="generateAlphaNumericCharacters" time="0.013"/>
</testsuite> <!-- workingwithdatabases.workingwithmysqldatabases.GenerateAlphaNumericCharacters -->
