<?xml version="1.0" encoding="UTF-8"?>
<!-- Generated by org.testng.reporters.JUnitReportReporter -->
<testsuite hostname="vivek" failures="0" tests="1" name="workingwithdatabases.workingwithmysqldatabases.ExecuteNonSelectQuery" time="0.350" errors="0" timestamp="2026-02-11T18:08:28 IST" skipped="0">
  <testcase classname="workingwithdatabases.workingwithmysqldatabases.ExecuteNonSelectQuery" name="perform" time="0.350"/>
</testsuite> <!-- workingwithdatabases.workingwithmysqldatabases.ExecuteNonSelectQuery -->
