<?xml version="1.0" encoding="UTF-8"?>
<!-- Generated by org.testng.reporters.JUnitReportReporter -->
<testsuite hostname="vivek" failures="0" tests="1" name="workingwithdatabases.workingwithmysqldatabases.ExecuteSelectQuery" time="0.467" errors="0" timestamp="2026-02-11T18:08:42 IST" skipped="0">
  <testcase classname="workingwithdatabases.workingwithmysqldatabases.ExecuteSelectQuery" name="perform" time="0.467"/>
</testsuite> <!-- workingwithdatabases.workingwithmysqldatabases.ExecuteSelectQuery -->
