<?xml version="1.0" encoding="UTF-8"?>
<!-- Generated by org.testng.reporters.JUnitReportReporter -->
<testsuite hostname="vivek" failures="0" tests="1" name="workingwithdatabases.workingwithmysqldatabases.ExecuteSelectQueryExample2" time="0.946" errors="0" timestamp="2026-02-12T11:25:48 IST" skipped="0">
  <testcase classname="workingwithdatabases.workingwithmysqldatabases.ExecuteSelectQueryExample2" name="sample2" time="0.946"/>
</testsuite> <!-- workingwithdatabases.workingwithmysqldatabases.ExecuteSelectQueryExample2 -->
