<?xml version="1.0" encoding="UTF-8"?>
<!-- Generated by org.testng.reporters.JUnitReportReporter -->
<testsuite hostname="vivek" failures="0" tests="1" name="workingwithdatabases.workingwithmysqldatabases.ExecuteNonSelectQueryWithTryCatch" time="0.456" errors="0" timestamp="2026-02-11T18:28:50 IST" skipped="0">
  <testcase classname="workingwithdatabases.workingwithmysqldatabases.ExecuteNonSelectQueryWithTryCatch" name="perform" time="0.456"/>
</testsuite> <!-- workingwithdatabases.workingwithmysqldatabases.ExecuteNonSelectQueryWithTryCatch -->
