<?xml version="1.0" encoding="UTF-8"?>
<!-- Generated by org.testng.reporters.JUnitReportReporter -->
<testsuite hostname="vivek" failures="0" tests="1" name="workingwithdatabases.workingwithmysqldatabases.SampleTestForMysqlConnectingToJava" time="0.667" errors="0" timestamp="2026-02-11T17:43:21 IST" skipped="0">
  <testcase classname="workingwithdatabases.workingwithmysqldatabases.SampleTestForMysqlConnectingToJava" name="perform" time="0.667"/>
</testsuite> <!-- workingwithdatabases.workingwithmysqldatabases.SampleTestForMysqlConnectingToJava -->
