<?xml version="1.0" encoding="UTF-8"?>
<testng-results ignored="0" total="1" passed="1" failed="0" skipped="0">
  <reporter-output>
  </reporter-output>
  <suite started-at="2026-02-13T10:26:19 IST" name="Default suite" finished-at="2026-02-13T10:26:19 IST" duration-ms="76">
    <groups>
    </groups>
    <test started-at="2026-02-13T10:26:19 IST" name="Default test" finished-at="2026-02-13T10:26:19 IST" duration-ms="76">
      <class name="workingwithdatabases.workingwithmysqldatabases.GenerateAlphaNumericCharacters">
        <test-method signature="generateAlphaNumericCharacters()[pri:0, instance:workingwithdatabases.workingwithmysqldatabases.GenerateAlphaNumericCharacters@2a65fe7c]" started-at="2026-02-13T10:26:19 IST" name="generateAlphaNumericCharacters" finished-at="2026-02-13T10:26:19 IST" duration-ms="13" status="PASS">
          <reporter-output>
          </reporter-output>
        </test-method> <!-- generateAlphaNumericCharacters -->
      </class> <!-- workingwithdatabases.workingwithmysqldatabases.GenerateAlphaNumericCharacters -->
    </test> <!-- Default test -->
  </suite> <!-- Default suite -->
</testng-results>
